<?xml version="1.0" encoding="UTF-8"?>
<!-- Generated by org.testng.reporters.JUnitReportReporter -->
<testsuite skipped="0" hostname="LAPTOP-7G8T14EK" name="excellearning.ExcelUtility" tests="1" failures="0" timestamp="01 Jan 2021 12:00:14 GMT" time="0.554" errors="0">
  <testcase name="testdata" time="0.554" classname="excellearning.ExcelUtility"/>
</testsuite> <!-- excellearning.ExcelUtility -->
