<?xml version="1.0" encoding="UTF-8"?>
<!-- Generated by org.testng.reporters.JUnitReportReporter -->
<testsuite skipped="1" hostname="LAPTOP-7G8T14EK" name="excellearning.chromebrowser" tests="1" failures="0" timestamp="02 Jan 2021 13:58:06 GMT" time="0.000" errors="0">
  <testcase name="setup" time="0.000" classname="excellearning.chromebrowser">
    <skipped/>
  </testcase> <!-- setup -->
</testsuite> <!-- excellearning.chromebrowser -->
