<?xml version="1.0" encoding="UTF-8"?>
<!-- Generated by org.testng.reporters.JUnitReportReporter -->
<testsuite skipped="0" hostname="LAPTOP-7G8T14EK" name="excel2.ExcelRead" tests="1" failures="0" timestamp="05 Jan 2021 06:07:54 GMT" time="0.590" errors="0">
  <testcase name="readData" time="0.590" classname="excel2.ExcelRead"/>
</testsuite> <!-- excel2.ExcelRead -->
