<?xml version="1.0" encoding="UTF-8"?>
<!-- Generated by org.testng.reporters.JUnitReportReporter -->
<testsuite skipped="0" hostname="LAPTOP-7G8T14EK" name="excel2.HashMapLearning" tests="14" failures="0" timestamp="05 Jan 2021 08:40:40 GMT" time="0.030" errors="0">
  <testcase name="test" time="0.000" classname="excel2.HashMapLearning"/>
  <testcase name="test" time="0.000" classname="excel2.HashMapLearning"/>
  <testcase name="test" time="0.003" classname="excel2.HashMapLearning"/>
  <testcase name="test" time="0.001" classname="excel2.HashMapLearning"/>
  <testcase name="test" time="0.001" classname="excel2.HashMapLearning"/>
  <testcase name="test" time="0.001" classname="excel2.HashMapLearning"/>
  <testcase name="test" time="0.000" classname="excel2.HashMapLearning"/>
  <testcase name="test" time="0.001" classname="excel2.HashMapLearning"/>
  <testcase name="test" time="0.001" classname="excel2.HashMapLearning"/>
  <testcase name="test" time="0.001" classname="excel2.HashMapLearning"/>
  <testcase name="test" time="0.000" classname="excel2.HashMapLearning"/>
  <testcase name="test" time="0.000" classname="excel2.HashMapLearning"/>
  <testcase name="test" time="0.020" classname="excel2.HashMapLearning"/>
  <testcase name="test" time="0.001" classname="excel2.HashMapLearning"/>
</testsuite> <!-- excel2.HashMapLearning -->
